[INFO] Scanning for projects...
[WARNING] 
[WARNING] Some problems were encountered while building the effective model for com.mastertheboss:HibernateExample:jar:1.0.0
[WARNING] 'build.plugins.plugin.version' for org.codehaus.mojo:build-helper-maven-plugin is missing. @ line 104, column 12
[WARNING] 
[WARNING] It is highly recommended to fix these problems because they threaten the stability of your build.
[WARNING] 
[WARNING] For this reason, future Maven versions might no longer support building such malformed projects.
[WARNING] 
[INFO]                                                                         
[INFO] ------------------------------------------------------------------------
[INFO] Building HibernateExample 1.0.0
[INFO] ------------------------------------------------------------------------
[INFO] 
[INFO] --- maven-clean-plugin:3.0.0:clean (default-clean) @ HibernateExample ---
[INFO] Deleting C:\nablarch\work\nablarch_dev\gsp-dba-maven-plugin\src\it\simple-jpa-test\target
[INFO] 
[INFO] --- maven-clean-plugin:3.0.0:clean (auto-clean) @ HibernateExample ---
[INFO] Deleting C:\nablarch\work\nablarch_dev\gsp-dba-maven-plugin\src\it\simple-jpa-test\src\main\java\jp\co\tis\gsptest\entity (includes = [], excludes = [])
[INFO] 
[INFO] --- gsp-dba-maven-plugin:3.2.0-SNAPSHOT:generate-ddl (default-cli) @ HibernateExample ---
[INFO] 
[INFO] --- gsp-dba-maven-plugin:3.2.0-SNAPSHOT:execute-ddl (default-cli) @ HibernateExample ---
ALTER TABLE PUBLIC.ORDERS DROP CONSTRAINT CONSTRAINT_8B
ALTER TABLE PUBLIC.ORADER_DETAILS DROP CONSTRAINT CONSTRAINT_42
ALTER TABLE PUBLIC.ORADER_DETAILS DROP CONSTRAINT CONSTRAINT_4
ALTER TABLE PUBLIC.ORADER_DETAILS DROP CONSTRAINT CONSTRAINT_42E
ALTER TABLE PUBLIC.CUSTOMERS DROP CONSTRAINT CONSTRAINT_6
ALTER TABLE PUBLIC.PRODUCTS DROP CONSTRAINT CONSTRAINT_F
ALTER TABLE PUBLIC.ORDERS DROP CONSTRAINT CONSTRAINT_8
DROP TABLE PUBLIC.CUSTOMERS
DROP TABLE PUBLIC.PRODUCTS
DROP TABLE PUBLIC.ORDERS
DROP TABLE PUBLIC.ORADER_DETAILS
[INFO] 24 of 24 SQL statements executed successfully
[INFO] 
[INFO] --- gsp-dba-maven-plugin:3.2.0-SNAPSHOT:generate-entity (default-cli) @ HibernateExample ---
4 19, 2016 8:23:55 午後 org.seasar.framework.log.Logger log
情報: バージョン : S2JDBC-Gen 2.4.46
4 19, 2016 8:23:55 午後 org.seasar.framework.log.Logger log
情報: s2-frameworkのバージョンは2.4.46です。
4 19, 2016 8:23:55 午後 org.seasar.framework.log.Logger log
情報: s2-extensionのバージョンは2.4.46です。
4 19, 2016 8:23:55 午後 org.seasar.framework.log.Logger log
情報: s2-tigerのバージョンは2.4.46です。
4 19, 2016 8:23:55 午後 org.seasar.framework.log.Logger log
警告: ルートパッケージ(jp.co.tis.gsptest)に対応するリソースがクラスパスから見つかりませんでした。
4 19, 2016 8:23:55 午後 org.seasar.framework.log.Logger info
情報: Running on [ENV]ut, [DEPLOY MODE]Normal Mode
[INFO] 
[INFO] --- build-helper-maven-plugin:1.10:add-source (default) @ HibernateExample ---
[INFO] Source directory: C:\nablarch\work\nablarch_dev\gsp-dba-maven-plugin\src\it\simple-jpa-test\src\main\java added.
[INFO] 
[INFO] --- maven-resources-plugin:2.5:resources (default-resources) @ HibernateExample ---
[debug] execute contextualize
[INFO] Using 'UTF-8' encoding to copy filtered resources.
[INFO] Copying 7 resources
[INFO] 
[INFO] --- maven-compiler-plugin:2.5.1:compile (default-compile) @ HibernateExample ---
[INFO] Compiling 4 source files to C:\nablarch\work\nablarch_dev\gsp-dba-maven-plugin\src\it\simple-jpa-test\target\classes
[INFO] 
[INFO] --- maven-resources-plugin:2.5:testResources (default-testResources) @ HibernateExample ---
[debug] execute contextualize
[INFO] Using 'UTF-8' encoding to copy filtered resources.
[INFO] Copying 1 resource
[INFO] 
[INFO] --- maven-compiler-plugin:2.5.1:testCompile (default-testCompile) @ HibernateExample ---
[INFO] Compiling 2 source files to C:\nablarch\work\nablarch_dev\gsp-dba-maven-plugin\src\it\simple-jpa-test\target\test-classes
[WARNING] 不正なパス要素"C:\nablarch\m2_repo\com\mchange\c3p0\0.9.2.1\mchange-commons-java-0.2.3.4.jar": そのファイルまたはディレクトリはありません
C:\nablarch\work\nablarch_dev\gsp-dba-maven-plugin\src\it\simple-jpa-test\src\test\java\jp\co\tis\gsp\jpatest\AppTest.java:[102,85] [unchecked] 無検査変換
[INFO] 
[INFO] --- maven-surefire-plugin:2.4.3:test (default-test) @ HibernateExample ---
[INFO] Surefire report directory: C:\nablarch\work\nablarch_dev\gsp-dba-maven-plugin\src\it\simple-jpa-test\target\surefire-reports

-------------------------------------------------------
 T E S T S
-------------------------------------------------------
Running jp.co.tis.gsp.jpatest.AppTest
INFO  - org.hibernate.jpa.internal.util.LogHelper - HHH000204: Processing PersistenceUnitInfo [
	name: persistence-h2
	...]
INFO  - org.hibernate.Version - HHH000412: Hibernate Core {5.0.7.Final}
INFO  - org.hibernate.cfg.Environment - HHH000206: hibernate.properties not found
INFO  - org.hibernate.cfg.Environment - HHH000021: Bytecode provider name : javassist
INFO  - org.hibernate.annotations.common.Version - HCANN000001: Hibernate Commons Annotations {5.0.1.Final}
WARN  - org.hibernate.orm.connections - HHH10001002: Using Hibernate built-in connection pool (not for production use!)
INFO  - org.hibernate.orm.connections - HHH10001005: using driver [org.h2.Driver] at URL [jdbc:h2:./src/test/gsp_test]
INFO  - org.hibernate.orm.connections - HHH10001001: Connection properties: {user=gsptest, password=****}
INFO  - org.hibernate.orm.connections - HHH10001003: Autocommit mode: false
INFO  - org.hibernate.engine.jdbc.connections.internal.DriverManagerConnectionProviderImpl - HHH000115: Hibernate connection pool size: 20 (min=1)
INFO  - org.hibernate.dialect.Dialect - HHH000400: Using dialect: org.hibernate.dialect.H2Dialect
Tests run: 2, Failures: 0, Errors: 2, Skipped: 0, Time elapsed: 1.004 sec <<< FAILURE!

Results :

Tests in error: 
  jp.co.tis.gsp.jpatest.AppTest
  jp.co.tis.gsp.jpatest.AppTest

Tests run: 2, Failures: 0, Errors: 2, Skipped: 0

[INFO] ------------------------------------------------------------------------
[INFO] BUILD FAILURE
[INFO] ------------------------------------------------------------------------
[INFO] Total time: 4.518s
[INFO] Finished at: Tue Apr 19 20:23:58 JST 2016
[INFO] Final Memory: 20M/48M
[INFO] ------------------------------------------------------------------------
[ERROR] Failed to execute goal org.apache.maven.plugins:maven-surefire-plugin:2.4.3:test (default-test) on project HibernateExample: There are test failures.
[ERROR] 
[ERROR] Please refer to C:\nablarch\work\nablarch_dev\gsp-dba-maven-plugin\src\it\simple-jpa-test\target\surefire-reports for the individual test results.
[ERROR] -> [Help 1]
[ERROR] 
[ERROR] To see the full stack trace of the errors, re-run Maven with the -e switch.
[ERROR] Re-run Maven using the -X switch to enable full debug logging.
[ERROR] 
[ERROR] For more information about the errors and possible solutions, please read the following articles:
[ERROR] [Help 1] http://cwiki.apache.org/confluence/display/MAVEN/MojoFailureException
